\BOOKMARK [1][-]{section.1}{Purpose}{}
\BOOKMARK [1][-]{section.2}{MetaMap API's Underlying Architecture}{}
\BOOKMARK [1][-]{section.3}{Pre-requisites}{}
\BOOKMARK [1][-]{section.4}{Downloading, Extracting and Installing the API distribution}{}
\BOOKMARK [1][-]{section.5}{Using the MetaMap server}{}
\BOOKMARK [2][-]{subsection.5.1}{Starting supporting servers}{section.5}
\BOOKMARK [2][-]{subsection.5.2}{Running the MetaMap server}{section.5}
\BOOKMARK [1][-]{section.6}{Testing the API}{}
\BOOKMARK [1][-]{section.7}{Using the API}{}
\BOOKMARK [2][-]{subsection.7.1}{Instantiating the API}{section.7}
\BOOKMARK [2][-]{subsection.7.2}{Setting MetaMap options}{section.7}
\BOOKMARK [2][-]{subsection.7.3}{Performing a query using the api}{section.7}
\BOOKMARK [2][-]{subsection.7.4}{Interrogating the result}{section.7}
\BOOKMARK [3][-]{subsubsection.7.4.1}{Getting Acronyms and Abbreviations}{subsection.7.4}
\BOOKMARK [3][-]{subsubsection.7.4.2}{Getting Negations}{subsection.7.4}
\BOOKMARK [3][-]{subsubsection.7.4.3}{Getting Utterances and Associated Phrases, Candidates, and Mappings}{subsection.7.4}
\BOOKMARK [2][-]{subsection.7.5}{Getting Raw MetaMap Machine Output}{section.7}
\BOOKMARK [1][-]{section.8}{Advanced Configuration}{}
\BOOKMARK [2][-]{subsection.8.1}{Accepting the client connections from remote hosts}{section.8}
\BOOKMARK [2][-]{subsection.8.2}{Running the MetaMap server on an alternate port}{section.8}
\BOOKMARK [2][-]{subsection.8.3}{Specifying alternate MetaMap Server hosts and ports in the API}{section.8}
\BOOKMARK [1][-]{section.9}{Notes for Maven Users}{}
\BOOKMARK [1][-]{section.10}{What is missing from the API}{}
\BOOKMARK [1][-]{section.11}{Possible enhancements}{}
\BOOKMARK [1][-]{section.12}{Differences compared to MMTx API}{}
\BOOKMARK [1][-]{section.13}{For more information}{}
