This is pdfTeXk, Version 3.141592-1.40.3 (Web2C 7.5.6) (format=pdflatex 2012.7.20)  12 MAR 2014 15:25
entering extended mode
 %&-line parsing enabled.
**userguide
(./userguide.tex
LaTeX2e <2005/12/01>
Babel <v3.8h> and hyphenation patterns for english, usenglishmax, dumylang, noh
yphenation, arabic, basque, bulgarian, coptic, welsh, czech, slovak, german, ng
erman, danish, esperanto, spanish, catalan, galician, estonian, farsi, finnish,
 french, greek, monogreek, ancientgreek, croatian, hungarian, interlingua, ibyc
us, indonesian, icelandic, italian, latin, mongolian, dutch, norsk, polish, por
tuguese, pinyin, romanian, russian, slovenian, uppersorbian, serbian, swedish, 
turkish, ukenglish, ukrainian, loaded.
(/usr/share/texmf/tex/latex/base/article.cls
Document Class: article 2005/09/16 v1.4f Standard LaTeX document class
(/usr/share/texmf/tex/latex/base/size11.clo
File: size11.clo 2005/09/16 v1.4f Standard LaTeX file (size option)
)
\c@part=\count79
\c@section=\count80
\c@subsection=\count81
\c@subsubsection=\count82
\c@paragraph=\count83
\c@subparagraph=\count84
\c@figure=\count85
\c@table=\count86
\abovecaptionskip=\skip41
\belowcaptionskip=\skip42
\bibindent=\dimen102
)
(/usr/share/texmf/tex/latex/base/makeidx.sty
Package: makeidx 2000/03/29 v1.0m Standard LaTeX package
)
(/usr/share/texmf/tex/latex/ae/ae.sty
Package: ae 2001/02/12 1.3 Almost European Computer Modern

(/usr/share/texmf/tex/latex/base/fontenc.sty
Package: fontenc 2005/09/27 v1.99g Standard LaTeX package

(/usr/share/texmf/tex/latex/base/t1enc.def
File: t1enc.def 2005/09/27 v1.99g Standard LaTeX file
LaTeX Font Info:    Redeclaring font encoding T1 on input line 43.
)
LaTeX Font Info:    Try loading font information for T1+aer on input line 100.

(/usr/share/texmf/tex/latex/ae/t1aer.fd
File: t1aer.fd 1997/11/16 Font definitions for T1/aer.
)))
(/usr/share/texmf/tex/latex/base/fontenc.sty
Package: fontenc 2005/09/27 v1.99g Standard LaTeX package

(/usr/share/texmf/tex/latex/base/t1enc.def
File: t1enc.def 2005/09/27 v1.99g Standard LaTeX file
LaTeX Font Info:    Redeclaring font encoding T1 on input line 43.
))
(/usr/share/texmf/tex/latex/base/inputenc.sty
Package: inputenc 2006/05/05 v1.1b Input encoding file
\inpenc@prehook=\toks14
\inpenc@posthook=\toks15

(/usr/share/texmf/tex/latex/base/latin1.def
File: latin1.def 2006/05/05 v1.1b Input encoding file
))
(/usr/share/texmf/tex/latex/graphics/graphicx.sty
Package: graphicx 1999/02/16 v1.0f Enhanced LaTeX Graphics (DPC,SPQR)

(/usr/share/texmf/tex/latex/graphics/keyval.sty
Package: keyval 1999/03/16 v1.13 key=value parser (DPC)
\KV@toks@=\toks16
)
(/usr/share/texmf/tex/latex/graphics/graphics.sty
Package: graphics 2006/02/20 v1.0o Standard LaTeX Graphics (DPC,SPQR)

(/usr/share/texmf/tex/latex/graphics/trig.sty
Package: trig 1999/03/16 v1.09 sin cos tan (DPC)
)
(/usr/share/texmf/tex/latex/config/graphics.cfg
File: graphics.cfg 2007/01/18 v1.5 graphics configuration of teTeX/TeXLive
)
Package graphics Info: Driver file: pdftex.def on input line 90.

(/usr/share/texmf/tex/latex/pdftex-def/pdftex.def
File: pdftex.def 2007/01/08 v0.04d Graphics/color for pdfTeX
\Gread@gobject=\count87
))
\Gin@req@height=\dimen103
\Gin@req@width=\dimen104
)
(/usr/share/texmf/tex/latex/base/alltt.sty
Package: alltt 1997/06/16 v2.0g defines alltt environment
)
(/usr/share/texmf/tex/latex/geometry/geometry.sty
Package: geometry 2002/07/08 v3.2 Page Geometry
\Gm@cnth=\count88
\Gm@cntv=\count89
\c@Gm@tempcnt=\count90
\Gm@bindingoffset=\dimen105
\Gm@wd@mp=\dimen106
\Gm@odd@mp=\dimen107
\Gm@even@mp=\dimen108
\Gm@dimlist=\toks17
)
(/usr/share/texmf/tex/latex/hyperref/hyperref.sty
Package: hyperref 2007/02/07 v6.75r Hypertext links for LaTeX
\@linkdim=\dimen109
\Hy@linkcounter=\count91
\Hy@pagecounter=\count92

(/usr/share/texmf/tex/latex/hyperref/pd1enc.def
File: pd1enc.def 2007/02/07 v6.75r Hyperref: PDFDocEncoding definition (HO)
)
(/usr/share/texmf/tex/latex/config/hyperref.cfg
File: hyperref.cfg 2002/06/06 v1.2 hyperref configuration of TeXLive
)
(/usr/share/texmf/tex/latex/oberdiek/kvoptions.sty
Package: kvoptions 2006/08/22 v2.4 Connects package keyval with LaTeX options (
HO)
)
Package hyperref Info: Option `colorlinks' set `true' on input line 2238.
Package hyperref Info: Hyper figures OFF on input line 2288.
Package hyperref Info: Link nesting OFF on input line 2293.
Package hyperref Info: Hyper index ON on input line 2296.
Package hyperref Info: Plain pages OFF on input line 2303.
Package hyperref Info: Backreferencing OFF on input line 2308.

Implicit mode ON; LaTeX internals redefined
Package hyperref Info: Bookmarks ON on input line 2444.
(/usr/share/texmf/tex/latex/html/url.sty
Package: url 1999/03/02  ver 1.4  Verb mode for urls, email addresses, and file
 names
)
LaTeX Info: Redefining \url on input line 2599.
\Fld@menulength=\count93
\Field@Width=\dimen110
\Fld@charsize=\dimen111
\Choice@toks=\toks18
\Field@toks=\toks19
Package hyperref Info: Hyper figures OFF on input line 3102.
Package hyperref Info: Link nesting OFF on input line 3107.
Package hyperref Info: Hyper index ON on input line 3110.
Package hyperref Info: backreferencing OFF on input line 3117.
Package hyperref Info: Link coloring ON on input line 3120.
\Hy@abspage=\count94
\c@Item=\count95
\c@Hfootnote=\count96
)
*hyperref using default driver hpdftex*
(/usr/share/texmf/tex/latex/hyperref/hpdftex.def
File: hpdftex.def 2007/02/07 v6.75r Hyperref driver for pdfTeX
\Fld@listcount=\count97
)
\@indexfile=\write3
\openout3 = `userguide.idx'.


Writing index file userguide.idx
(./userguide.aux)
\openout1 = `userguide.aux'.

LaTeX Font Info:    Checking defaults for OML/cmm/m/it on input line 19.
LaTeX Font Info:    ... okay on input line 19.
LaTeX Font Info:    Checking defaults for T1/cmr/m/n on input line 19.
LaTeX Font Info:    ... okay on input line 19.
LaTeX Font Info:    Checking defaults for OT1/cmr/m/n on input line 19.
LaTeX Font Info:    ... okay on input line 19.
LaTeX Font Info:    Checking defaults for OMS/cmsy/m/n on input line 19.
LaTeX Font Info:    ... okay on input line 19.
LaTeX Font Info:    Checking defaults for OMX/cmex/m/n on input line 19.
LaTeX Font Info:    ... okay on input line 19.
LaTeX Font Info:    Checking defaults for U/cmr/m/n on input line 19.
LaTeX Font Info:    ... okay on input line 19.
LaTeX Font Info:    Checking defaults for PD1/pdf/m/n on input line 19.
LaTeX Font Info:    ... okay on input line 19.
-------------------- Geometry parameters
paper: class default
landscape: --
twocolumn: --
twoside: --
asymmetric: --
h-parts: 71.13188pt, 472.03123pt, 71.13188pt
v-parts: 71.13188pt, 652.70622pt, 71.13188pt
hmarginratio: --
vmarginratio: --
lines: --
heightrounded: --
bindingoffset: 0.0pt
truedimen: --
includehead: --
includefoot: --
includemp: --
driver: pdftex
-------------------- Page layout dimensions and switches
\paperwidth  614.295pt
\paperheight 794.96999pt
\textwidth  472.03123pt
\textheight 652.70622pt
\oddsidemargin  -1.1381pt
\evensidemargin -1.1381pt
\topmargin  -38.1381pt
\headheight 12.0pt
\headsep    25.0pt
\footskip   30.0pt
\marginparwidth 59.0pt
\marginparsep   10.0pt
\columnsep  10.0pt
\skip\footins  10.0pt plus 4.0pt minus 2.0pt
\hoffset 0.0pt
\voffset 0.0pt
\mag 1000

(1in=72.27pt, 1cm=28.45pt)
-----------------------
 (/usr/share/texmf/tex/latex/graphics/color.sty
Package: color 2005/11/14 v1.0j Standard LaTeX Color (DPC)

(/usr/share/texmf/tex/latex/config/color.cfg
File: color.cfg 2007/01/18 v1.5 color configuration of teTeX/TeXLive
)
Package color Info: Driver file: pdftex.def on input line 130.
)
Package hyperref Info: Link coloring ON on input line 19.

(/usr/share/texmf/tex/latex/hyperref/nameref.sty
Package: nameref 2006/12/27 v2.28 Cross-referencing by name of section

(/usr/share/texmf/tex/latex/oberdiek/refcount.sty
Package: refcount 2006/02/20 v3.0 Data extraction from references (HO)
)
\c@section@level=\count98
)
LaTeX Info: Redefining \ref on input line 19.
LaTeX Info: Redefining \pageref on input line 19.
 (./userguide.out)
(./userguide.out)
\@outlinefile=\write4
\openout4 = `userguide.out'.

LaTeX Font Info:    External font `cmex10' loaded for size
(Font)              <12> on input line 24.
LaTeX Font Info:    External font `cmex10' loaded for size
(Font)              <8> on input line 24.
LaTeX Font Info:    External font `cmex10' loaded for size
(Font)              <6> on input line 24.
 (./userguide.toc
LaTeX Font Info:    External font `cmex10' loaded for size
(Font)              <10.95> on input line 6.
 [1

{/var/lib/texmf/fonts/map/pdftex/updmap/pdftex.map}])
\tf@toc=\write5
\openout5 = `userguide.toc'.

LaTeX Font Info:    Try loading font information for T1+aett on input line 44.
 (/usr/share/texmf/tex/latex/ae/t1aett.fd
File: t1aett.fd 1997/11/16 Font definitions for T1/aett.
) [2]
Overfull \hbox (96.00876pt too wide) in paragraph at lines 119--119
[]     \T1/aett/m/n/10.95 -w /home/piro/public_mm/lexicon /home/piro/public_mm/
bin/mmserver{year}.BINARY.Linux -Z {year}[] 
 []


Overfull \hbox (44.36876pt too wide) in paragraph at lines 119--119
[]\T1/aett/m/n/10.95 Server options: [port(8888),accepted_hosts(['127.0.0.1','1
30.14.111.76','130.14.110.82'])][] 
 []


Overfull \hbox (101.74654pt too wide) in paragraph at lines 119--119
[]\T1/aett/m/n/10.95 Static variants will come from table varsan in /home/piro/
public_mm/DB/BDB4/DB.normal.{year}.strict.[] 
 []


Overfull \hbox (325.51987pt too wide) in paragraph at lines 262--262
[] \T1/aett/m/n/10.95 Minimal Commitment Parse: [head([lexmatch([laboratory cul
ture]),inputmatch([laboratory,culture]),tag(noun),tokens([laboratory,culture])]
)][] 
 []

[3]
Overfull \hbox (199.28876pt too wide) in paragraph at lines 262--262
[]  \T1/aett/m/n/10.95 MatchMap alt. repr.: [[[phrase start: 1, phrase end: 2],
 [concept start: 1, concept end: 2], lexical variation: 0]][] 
 []


Overfull \hbox (199.28876pt too wide) in paragraph at lines 262--262
[]  \T1/aett/m/n/10.95 MatchMap alt. repr.: [[[phrase start: 2, phrase end: 2],
 [concept start: 2, concept end: 2], lexical variation: 0]][] 
 []


Overfull \hbox (199.28876pt too wide) in paragraph at lines 262--262
[]  \T1/aett/m/n/10.95 MatchMap alt. repr.: [[[phrase start: 1, phrase end: 1],
 [concept start: 1, concept end: 1], lexical variation: 0]][] 
 []


Overfull \hbox (199.28876pt too wide) in paragraph at lines 262--262
[]  \T1/aett/m/n/10.95 MatchMap alt. repr.: [[[phrase start: 2, phrase end: 2],
 [concept start: 2, concept end: 2], lexical variation: 0]][] 
 []

[4]
Overfull \hbox (199.28876pt too wide) in paragraph at lines 262--262
[]  \T1/aett/m/n/10.95 MatchMap alt. repr.: [[[phrase start: 2, phrase end: 2],
 [concept start: 2, concept end: 2], lexical variation: 0]][] 
 []


Overfull \hbox (199.28876pt too wide) in paragraph at lines 262--262
[]  \T1/aett/m/n/10.95 MatchMap alt. repr.: [[[phrase start: 2, phrase end: 2],
 [concept start: 2, concept end: 2], lexical variation: 0]][] 
 []


Overfull \hbox (199.28876pt too wide) in paragraph at lines 262--262
[]  \T1/aett/m/n/10.95 MatchMap alt. repr.: [[[phrase start: 2, phrase end: 2],
 [concept start: 2, concept end: 2], lexical variation: 0]][] 
 []

[5]
Overfull \hbox (199.28876pt too wide) in paragraph at lines 262--262
[]  \T1/aett/m/n/10.95 MatchMap alt. repr.: [[[phrase start: 1, phrase end: 1],
 [concept start: 1, concept end: 1], lexical variation: 0]][] 
 []


Overfull \hbox (205.02654pt too wide) in paragraph at lines 262--262
[]   \T1/aett/m/n/10.95 MatchMap alt. repr.: [[[phrase start: 1, phrase end: 2]
, [concept start: 1, concept end: 2], lexical variation: 0]][] 
 []


Overfull \hbox (120.60063pt too wide) in paragraph at lines 264--266
[]\T1/aer/m/n/10.95 The source to java class used \T1/aett/m/n/10.95 testapi.sh
 \T1/aer/m/n/10.95 is in \T1/aett/m/n/10.95 ./src/javaapi/sources/gov/nih/nlm/n
ls/metamap/MetaMapApiTest.java\T1/aer/m/n/10.95 . 
 []

[6] [7]
Overfull \hbox (16.38663pt too wide) in paragraph at lines 367--369
\T1/aer/m/n/10.95 To get a list of all the negated con-cepts in the in-put text
 use the in-stance method \T1/aett/m/n/10.95 Result.getNegations\T1/aer/m/n/10.
95 : 
 []

[8]
Overfull \hbox (4.20432pt too wide) in paragraph at lines 471--471
[]              \T1/aett/m/n/10.95 System.out.println("   Preferred Name: " + m
apEv.getPreferredName());[] 
 []


Overfull \hbox (4.20432pt too wide) in paragraph at lines 471--471
[]              \T1/aett/m/n/10.95 System.out.println("   Semantic Types: " + m
apEv.getSemanticTypes());[] 
 []


Overfull \hbox (27.15543pt too wide) in paragraph at lines 471--471
[]              \T1/aett/m/n/10.95 System.out.println("   MatchMap alt. repr.: 
" + mapEv.getMatchMapList());[] 
 []


Overfull \hbox (15.67987pt too wide) in paragraph at lines 471--471
[]              \T1/aett/m/n/10.95 System.out.println("   Positional Info: " + 
mapEv.getPositionalInfo());[] 
 []

[9]
Overfull \hbox (66.39671pt too wide) in paragraph at lines 477--479
[]\T1/aer/m/n/10.95 A com-plete ex-am-ple of this code is in \T1/aett/m/n/10.95
 src/javaapi/sources/gov/nih/nlm/nls/metamap/MetaMapApiTest.java\T1/aer/m/n/10.
95 . 
 []


Overfull \hbox (0.27908pt too wide) in paragraph at lines 545--550
\T1/aer/m/n/10.95 lo-ca-tions of the MetaMap server. The source to the class go
v.nih.nlm.nls.metamap.MetaMapApiTest
 []

[10]
Overfull \hbox (10.0837pt too wide) in paragraph at lines 609--610
[][][]$\T1/aett/m/n/10.95 http : / / www . sics . se / sicstus / docs / 3 . 12 
. 9 / html / prologbeans$[][]\T1/aer/m/n/10.95 / 
 []

[11] [12] (./userguide.aux) ) 
Here is how much of TeX's memory you used:
 3262 strings out of 256216
 44824 string characters out of 1917072
 103038 words of memory out of 1500000
 6455 multiletter control sequences out of 10000+200000
 28614 words of font info for 63 fonts, out of 1200000 for 2000
 645 hyphenation exceptions out of 8191
 28i,6n,36p,288b,432s stack positions out of 5000i,500n,6000p,200000b,15000s
</usr/share/texmf/fonts/type1/bluesky/cm/cmbx10.pf
b></usr/share/texmf/fonts/type1/bluesky/cm/cmbx12.pfb></usr/share/texmf/fonts/t
ype1/bluesky/cm/cmr10.pfb></usr/share/texmf/fonts/type1/bluesky/cm/cmr12.pfb></
usr/share/texmf/fonts/type1/bluesky/cm/cmr17.pfb></usr/share/texmf/fonts/type1/
bluesky/cm/cmsl10.pfb></usr/share/texmf/fonts/type1/bluesky/cm/cmsy10.pfb></usr
/share/texmf/fonts/type1/bluesky/cm/cmtt10.pfb>
Output written on userguide.pdf (12 pages, 116667 bytes).
PDF statistics:
 242 PDF objects out of 1000 (max. 8388607)
 40 named destinations out of 1000 (max. 131072)
 225 words of extra memory for PDF output out of 10000 (max. 10000000)

